[Fri Jul 31 17:03:26 CST 2015]:com.mum.app.AutoSubmitPriceApp:GetMyPriceForASIN:B00L21BZ14 MyPriceInfo{
 landedPrice       :10.35
 listingPrice      :10.35
 shippingPrice     :0.0
 regularPrice      :10.35
 fulfillmentChannel:AMAZON
 itemCondition     :New
 itemSubCondition  :New
 sellerId          :A1MZ1G2HEVXJ5F
 sellerSKU         :HF-XACT-X6DU
}
[Fri Jul 31 17:03:26 CST 2015]:com.mum.app.AutoSubmitPriceApp:GetMyPriceForASIN:B004TI336W MyPriceInfo{
 landedPrice       :7.01
 listingPrice      :3.73
 shippingPrice     :3.28
 regularPrice      :3.73
 fulfillmentChannel:MERCHANT
 itemCondition     :New
 itemSubCondition  :New
 sellerId          :A1MZ1G2HEVXJ5F
 sellerSKU         :KZ-F2BC-J4NB
}
[Fri Jul 31 17:03:26 CST 2015]:com.mum.app.AutoSubmitPriceApp:GetMyPriceForASIN:B00EXBDWZC MyPriceInfo{
 landedPrice       :49.97
 listingPrice      :46.69
 shippingPrice     :3.28
 regularPrice      :46.69
 fulfillmentChannel:MERCHANT
 itemCondition     :New
 itemSubCondition  :New
 sellerId          :A1MZ1G2HEVXJ5F
 sellerSKU         :IF-2DMD-DA0Z
}
[Fri Jul 31 17:03:27 CST 2015]:com.mum.app.AutoSubmitPriceApp:GetLowestOfferListingsForASIN:<GetLowestOfferListingsForASINResponse xmlns="http://mws.amazonservices.com/schema/Products/2011-10-01"><GetLowestOfferListingsForASINResult ASIN="B00L21BZ14" status="Success"><AllOfferListingsConsidered>false</AllOfferListingsConsidered><Product><Identifiers><MarketplaceASIN><MarketplaceId>ATVPDKIKX0DER</MarketplaceId><ASIN>B00L21BZ14</ASIN></MarketplaceASIN></Identifiers><LowestOfferListings><LowestOfferListing><Qualifiers><ItemCondition>New</ItemCondition><ItemSubcondition>New</ItemSubcondition><FulfillmentChannel>Merchant</FulfillmentChannel><ShipsDomestically>False</ShipsDomestically><ShippingTime><Max>0-2 days</Max></ShippingTime><SellerPositiveFeedbackRating>Just Launched</SellerPositiveFeedbackRating></Qualifiers><NumberOfOfferListingsConsidered>1</NumberOfOfferListingsConsidered><SellerFeedbackCount>0</SellerFeedbackCount><Price><LandedPrice><CurrencyCode>USD</CurrencyCode><Amount>9.05</Amount></LandedPrice><ListingPrice><CurrencyCode>USD</CurrencyCode><Amount>4.38</Amount></ListingPrice><Shipping><CurrencyCode>USD</CurrencyCode><Amount>4.67</Amount></Shipping></Price><MultipleOffersAtLowestPrice>False</MultipleOffersAtLowestPrice></LowestOfferListing><LowestOfferListing><Qualifiers><ItemCondition>New</ItemCondition><ItemSubcondition>New</ItemSubcondition><FulfillmentChannel>Merchant</FulfillmentChannel><ShipsDomestically>False</ShipsDomestically><ShippingTime><Max>0-2 days</Max></ShippingTime><SellerPositiveFeedbackRating>80-89%</SellerPositiveFeedbackRating></Qualifiers><NumberOfOfferListingsConsidered>4</NumberOfOfferListingsConsidered><SellerFeedbackCount>43</SellerFeedbackCount><Price><LandedPrice><CurrencyCode>USD</CurrencyCode><Amount>9.05</Amount></LandedPrice><ListingPrice><CurrencyCode>USD</CurrencyCode><Amount>9.05</Amount></ListingPrice><Shipping><CurrencyCode>USD</CurrencyCode><Amount>0.00</Amount></Shipping></Price><MultipleOffersAtLowestPrice>False</MultipleOffersAtLowestPrice></LowestOfferListing><LowestOfferListing><Qualifiers><ItemCondition>New</ItemCondition><ItemSubcondition>New</ItemSubcondition><FulfillmentChannel>Merchant</FulfillmentChannel><ShipsDomestically>False</ShipsDomestically><ShippingTime><Max>0-2 days</Max></ShippingTime><SellerPositiveFeedbackRating>90-94%</SellerPositiveFeedbackRating></Qualifiers><NumberOfOfferListingsConsidered>1</NumberOfOfferListingsConsidered><SellerFeedbackCount>624</SellerFeedbackCount><Price><LandedPrice><CurrencyCode>USD</CurrencyCode><Amount>9.89</Amount></LandedPrice><ListingPrice><CurrencyCode>USD</CurrencyCode><Amount>9.89</Amount></ListingPrice><Shipping><CurrencyCode>USD</CurrencyCode><Amount>0.00</Amount></Shipping></Price><MultipleOffersAtLowestPrice>False</MultipleOffersAtLowestPrice></LowestOfferListing><LowestOfferListing><Qualifiers><ItemCondition>New</ItemCondition><ItemSubcondition>New</ItemSubcondition><FulfillmentChannel>Merchant</FulfillmentChannel><ShipsDomestically>False</ShipsDomestically><ShippingTime><Max>0-2 days</Max></ShippingTime><SellerPositiveFeedbackRating>95-97%</SellerPositiveFeedbackRating></Qualifiers><NumberOfOfferListingsConsidered>1</NumberOfOfferListingsConsidered><SellerFeedbackCount>52</SellerFeedbackCount><Price><LandedPrice><CurrencyCode>USD</CurrencyCode><Amount>9.99</Amount></LandedPrice><ListingPrice><CurrencyCode>USD</CurrencyCode><Amount>9.99</Amount></ListingPrice><Shipping><CurrencyCode>USD</CurrencyCode><Amount>0.00</Amount></Shipping></Price><MultipleOffersAtLowestPrice>False</MultipleOffersAtLowestPrice></LowestOfferListing><LowestOfferListing><Qualifiers><ItemCondition>New</ItemCondition><ItemSubcondition>New</ItemSubcondition><FulfillmentChannel>Amazon</FulfillmentChannel><ShipsDomestically>True</ShipsDomestically><ShippingTime><Max>0-2 days</Max></ShippingTime><SellerPositiveFeedbackRating>98-100%</SellerPositiveFeedbackRating></Qualifiers><NumberOfOfferListingsConsidered>4</NumberOfOfferListingsConsidered><SellerFeedbackCount>535</SellerFeedbackCount><Price><LandedPrice><CurrencyCode>USD</CurrencyCode><Amount>10.25</Amount></LandedPrice><ListingPrice><CurrencyCode>USD</CurrencyCode><Amount>10.25</Amount></ListingPrice><Shipping><CurrencyCode>USD</CurrencyCode><Amount>0.00</Amount></Shipping></Price><MultipleOffersAtLowestPrice>False</MultipleOffersAtLowestPrice></LowestOfferListing><LowestOfferListing><Qualifiers><ItemCondition>New</ItemCondition><ItemSubcondition>New</ItemSubcondition><FulfillmentChannel>Amazon</FulfillmentChannel><ShipsDomestically>True</ShipsDomestically><ShippingTime><Max>0-2 days</Max></ShippingTime><SellerPositiveFeedbackRating>95-97%</SellerPositiveFeedbackRating></Qualifiers><NumberOfOfferListingsConsidered>1</NumberOfOfferListingsConsidered><SellerFeedbackCount>46</SellerFeedbackCount><Price><LandedPrice><CurrencyCode>USD</CurrencyCode><Amount>10.35</Amount></LandedPrice><ListingPrice><CurrencyCode>USD</CurrencyCode><Amount>10.35</Amount></ListingPrice><Shipping><CurrencyCode>USD</CurrencyCode><Amount>0.00</Amount></Shipping></Price><MultipleOffersAtLowestPrice>False</MultipleOffersAtLowestPrice></LowestOfferListing><LowestOfferListing><Qualifiers><ItemCondition>New</ItemCondition><ItemSubcondition>New</ItemSubcondition><FulfillmentChannel>Merchant</FulfillmentChannel><ShipsDomestically>True</ShipsDomestically><ShippingTime><Max>0-2 days</Max></ShippingTime><SellerPositiveFeedbackRating>90-94%</SellerPositiveFeedbackRating></Qualifiers><NumberOfOfferListingsConsidered>2</NumberOfOfferListingsConsidered><SellerFeedbackCount>6216</SellerFeedbackCount><Price><LandedPrice><CurrencyCode>USD</CurrencyCode><Amount>12.15</Amount></LandedPrice><ListingPrice><CurrencyCode>USD</CurrencyCode><Amount>12.15</Amount></ListingPrice><Shipping><CurrencyCode>USD</CurrencyCode><Amount>0.00</Amount></Shipping></Price><MultipleOffersAtLowestPrice>False</MultipleOffersAtLowestPrice></LowestOfferListing></LowestOfferListings></Product></GetLowestOfferListingsForASINResult><GetLowestOfferListingsForASINResult ASIN="B004TI336W" status="Success"><AllOfferListingsConsidered>true</AllOfferListingsConsidered><Product><Identifiers><MarketplaceASIN><MarketplaceId>ATVPDKIKX0DER</MarketplaceId><ASIN>B004TI336W</ASIN></MarketplaceASIN></Identifiers><LowestOfferListings><LowestOfferListing><Qualifiers><ItemCondition>New</ItemCondition><ItemSubcondition>New</ItemSubcondition><FulfillmentChannel>Merchant</FulfillmentChannel><ShipsDomestically>False</ShipsDomestically><ShippingTime><Max>0-2 days</Max></ShippingTime><SellerPositiveFeedbackRating>98-100%</SellerPositiveFeedbackRating></Qualifiers><NumberOfOfferListingsConsidered>3</NumberOfOfferListingsConsidered><SellerFeedbackCount>8</SellerFeedbackCount><Price><LandedPrice><CurrencyCode>USD</CurrencyCode><Amount>4.86</Amount></LandedPrice><ListingPrice><CurrencyCode>USD</CurrencyCode><Amount>4.86</Amount></ListingPrice><Shipping><CurrencyCode>USD</CurrencyCode><Amount>0.00</Amount></Shipping></Price><MultipleOffersAtLowestPrice>False</MultipleOffersAtLowestPrice></LowestOfferListing><LowestOfferListing><Qualifiers><ItemCondition>New</ItemCondition><ItemSubcondition>New</ItemSubcondition><FulfillmentChannel>Merchant</FulfillmentChannel><ShipsDomestically>False</ShipsDomestically><ShippingTime><Max>0-2 days</Max></ShippingTime><SellerPositiveFeedbackRating>70-79%</SellerPositiveFeedbackRating></Qualifiers><NumberOfOfferListingsConsidered>1</NumberOfOfferListingsConsidered><SellerFeedbackCount>271</SellerFeedbackCount><Price><LandedPrice><CurrencyCode>USD</CurrencyCode><Amount>4.87</Amount></LandedPrice><ListingPrice><CurrencyCode>USD</CurrencyCode><Amount>4.87</Amount></ListingPrice><Shipping><CurrencyCode>USD</CurrencyCode><Amount>0.00</Amount></Shipping></Price><MultipleOffersAtLowestPrice>False</MultipleOffersAtLowestPrice></LowestOfferListing><LowestOfferListing><Qualifiers><ItemCondition>New</ItemCondition><ItemSubcondition>New</ItemSubcondition><FulfillmentChannel>Merchant</FulfillmentChannel><ShipsDomestically>False</ShipsDomestically><ShippingTime><Max>0-2 days</Max></ShippingTime><SellerPositiveFeedbackRating>Less than 70%</SellerPositiveFeedbackRating></Qualifiers><NumberOfOfferListingsConsidered>2</NumberOfOfferListingsConsidered><SellerFeedbackCount>2</SellerFeedbackCount><Price><LandedPrice><CurrencyCode>USD</CurrencyCode><Amount>6.85</Amount></LandedPrice><ListingPrice><CurrencyCode>USD</CurrencyCode><Amount>6.85</Amount></ListingPrice><Shipping><CurrencyCode>USD</CurrencyCode><Amount>0.00</Amount></Shipping></Price><MultipleOffersAtLowestPrice>False</MultipleOffersAtLowestPrice></LowestOfferListing><LowestOfferListing><Qualifiers><ItemCondition>New</ItemCondition><ItemSubcondition>New</ItemSubcondition><FulfillmentChannel>Merchant</FulfillmentChannel><ShipsDomestically>False</ShipsDomestically><ShippingTime><Max>0-2 days</Max></ShippingTime><SellerPositiveFeedbackRating>95-97%</SellerPositiveFeedbackRating></Qualifiers><NumberOfOfferListingsConsidered>2</NumberOfOfferListingsConsidered><SellerFeedbackCount>2722</SellerFeedbackCount><Price><LandedPrice><CurrencyCode>USD</CurrencyCode><Amount>7.02</Amount></LandedPrice><ListingPrice><CurrencyCode>USD</CurrencyCode><Amount>7.02</Amount></ListingPrice><Shipping><CurrencyCode>USD</CurrencyCode><Amount>0.00</Amount></Shipping></Price><MultipleOffersAtLowestPrice>True</MultipleOffersAtLowestPrice></LowestOfferListing><LowestOfferListing><Qualifiers><ItemCondition>New</ItemCondition><ItemSubcondition>New</ItemSubcondition><FulfillmentChannel>Merchant</FulfillmentChannel><ShipsDomestically>False</ShipsDomestically><ShippingTime><Max>0-2 days</Max></ShippingTime><SellerPositiveFeedbackRating>90-94%</SellerPositiveFeedbackRating></Qualifiers><NumberOfOfferListingsConsidered>2</NumberOfOfferListingsConsidered><SellerFeedbackCount>2394</SellerFeedbackCount><Price><LandedPrice><CurrencyCode>USD</CurrencyCode><Amount>7.02</Amount></LandedPrice><ListingPrice><CurrencyCode>USD</CurrencyCode><Amount>7.02</Amount></ListingPrice><Shipping><CurrencyCode>USD</CurrencyCode><Amount>0.00</Amount></Shipping></Price><MultipleOffersAtLowestPrice>True</MultipleOffersAtLowestPrice></LowestOfferListing><LowestOfferListing><Qualifiers><ItemCondition>New</ItemCondition><ItemSubcondition>New</ItemSubcondition><FulfillmentChannel>Merchant</FulfillmentChannel><ShipsDomestically>False</ShipsDomestically><ShippingTime><Max>0-2 days</Max></ShippingTime><SellerPositiveFeedbackRating>Just Launched</SellerPositiveFeedbackRating></Qualifiers><NumberOfOfferListingsConsidered>2</NumberOfOfferListingsConsidered><SellerFeedbackCount>0</SellerFeedbackCount><Price><LandedPrice><CurrencyCode>USD</CurrencyCode><Amount>10.02</Amount></LandedPrice><ListingPrice><CurrencyCode>USD</CurrencyCode><Amount>5.50</Amount></ListingPrice><Shipping><CurrencyCode>USD</CurrencyCode><Amount>4.52</Amount></Shipping></Price><MultipleOffersAtLowestPrice>False</MultipleOffersAtLowestPrice></LowestOfferListing><LowestOfferListing><Qualifiers><ItemCondition>New</ItemCondition><ItemSubcondition>New</ItemSubcondition><FulfillmentChannel>Amazon</FulfillmentChannel><ShipsDomestically>True</ShipsDomestically><ShippingTime><Max>0-2 days</Max></ShippingTime><SellerPositiveFeedbackRating>98-100%</SellerPositiveFeedbackRating></Qualifiers><NumberOfOfferListingsConsidered>1</NumberOfOfferListingsConsidered><SellerFeedbackCount>505</SellerFeedbackCount><Price><LandedPrice><CurrencyCode>USD</CurrencyCode><Amount>10.59</Amount></LandedPrice><ListingPrice><CurrencyCode>USD</CurrencyCode><Amount>10.59</Amount></ListingPrice><Shipping><CurrencyCode>USD</CurrencyCode><Amount>0.00</Amount></Shipping></Price><MultipleOffersAtLowestPrice>False</MultipleOffersAtLowestPrice></LowestOfferListing><LowestOfferListing><Qualifiers><ItemCondition>New</ItemCondition><ItemSubcondition>New</ItemSubcondition><FulfillmentChannel>Merchant</FulfillmentChannel><ShipsDomestically>False</ShipsDomestically><ShippingTime><Max>0-2 days</Max></ShippingTime><SellerPositiveFeedbackRating>80-89%</SellerPositiveFeedbackRating></Qualifiers><NumberOfOfferListingsConsidered>1</NumberOfOfferListingsConsidered><SellerFeedbackCount>237</SellerFeedbackCount><Price><LandedPrice><CurrencyCode>USD</CurrencyCode><Amount>17.27</Amount></LandedPrice><ListingPrice><CurrencyCode>USD</CurrencyCode><Amount>12.75</Amount></ListingPrice><Shipping><CurrencyCode>USD</CurrencyCode><Amount>4.52</Amount></Shipping></Price><MultipleOffersAtLowestPrice>False</MultipleOffersAtLowestPrice></LowestOfferListing></LowestOfferListings></Product></GetLowestOfferListingsForASINResult><GetLowestOfferListingsForASINResult ASIN="B00EXBDWZC" status="Success"><AllOfferListingsConsidered>false</AllOfferListingsConsidered><Product><Identifiers><MarketplaceASIN><MarketplaceId>ATVPDKIKX0DER</MarketplaceId><ASIN>B00EXBDWZC</ASIN></MarketplaceASIN></Identifiers><LowestOfferListings><LowestOfferListing><Qualifiers><ItemCondition>New</ItemCondition><ItemSubcondition>New</ItemSubcondition><FulfillmentChannel>Merchant</FulfillmentChannel><ShipsDomestically>False</ShipsDomestically><ShippingTime><Max>0-2 days</Max></ShippingTime><SellerPositiveFeedbackRating>Just Launched</SellerPositiveFeedbackRating></Qualifiers><NumberOfOfferListingsConsidered>5</NumberOfOfferListingsConsidered><SellerFeedbackCount>0</SellerFeedbackCount><Price><LandedPrice><CurrencyCode>USD</CurrencyCode><Amount>40.49</Amount></LandedPrice><ListingPrice><CurrencyCode>USD</CurrencyCode><Amount>35.00</Amount></ListingPrice><Shipping><CurrencyCode>USD</CurrencyCode><Amount>5.49</Amount></Shipping></Price><MultipleOffersAtLowestPrice>False</MultipleOffersAtLowestPrice></LowestOfferListing><LowestOfferListing><Qualifiers><ItemCondition>New</ItemCondition><ItemSubcondition>New</ItemSubcondition><FulfillmentChannel>Merchant</FulfillmentChannel><ShipsDomestically>False</ShipsDomestically><ShippingTime><Max>0-2 days</Max></ShippingTime><SellerPositiveFeedbackRating>98-100%</SellerPositiveFeedbackRating></Qualifiers><NumberOfOfferListingsConsidered>3</NumberOfOfferListingsConsidered><SellerFeedbackCount>4</SellerFeedbackCount><Price><LandedPrice><CurrencyCode>USD</CurrencyCode><Amount>45.88</Amount></LandedPrice><ListingPrice><CurrencyCode>USD</CurrencyCode><Amount>45.88</Amount></ListingPrice><Shipping><CurrencyCode>USD</CurrencyCode><Amount>0.00</Amount></Shipping></Price><MultipleOffersAtLowestPrice>False</MultipleOffersAtLowestPrice></LowestOfferListing><LowestOfferListing><Qualifiers><ItemCondition>New</ItemCondition><ItemSubcondition>New</ItemSubcondition><FulfillmentChannel>Amazon</FulfillmentChannel><ShipsDomestically>True</ShipsDomestically><ShippingTime><Max>0-2 days</Max></ShippingTime><SellerPositiveFeedbackRating>98-100%</SellerPositiveFeedbackRating></Qualifiers><NumberOfOfferListingsConsidered>2</NumberOfOfferListingsConsidered><SellerFeedbackCount>87911</SellerFeedbackCount><Price><LandedPrice><CurrencyCode>USD</CurrencyCode><Amount>46.99</Amount></LandedPrice><ListingPrice><CurrencyCode>USD</CurrencyCode><Amount>46.99</Amount></ListingPrice><Shipping><CurrencyCode>USD</CurrencyCode><Amount>0.00</Amount></Shipping></Price><MultipleOffersAtLowestPrice>False</MultipleOffersAtLowestPrice></LowestOfferListing><LowestOfferListing><Qualifiers><ItemCondition>New</ItemCondition><ItemSubcondition>New</ItemSubcondition><FulfillmentChannel>Amazon</FulfillmentChannel><ShipsDomestically>True</ShipsDomestically><ShippingTime><Max>0-2 days</Max></ShippingTime><SellerPositiveFeedbackRating>90-94%</SellerPositiveFeedbackRating></Qualifiers><NumberOfOfferListingsConsidered>1</NumberOfOfferListingsConsidered><SellerFeedbackCount>14</SellerFeedbackCount><Price><LandedPrice><CurrencyCode>USD</CurrencyCode><Amount>47.00</Amount></LandedPrice><ListingPrice><CurrencyCode>USD</CurrencyCode><Amount>47.00</Amount></ListingPrice><Shipping><CurrencyCode>USD</CurrencyCode><Amount>0.00</Amount></Shipping></Price><MultipleOffersAtLowestPrice>False</MultipleOffersAtLowestPrice></LowestOfferListing><LowestOfferListing><Qualifiers><ItemCondition>New</ItemCondition><ItemSubcondition>New</ItemSubcondition><FulfillmentChannel>Amazon</FulfillmentChannel><ShipsDomestically>True</ShipsDomestically><ShippingTime><Max>0-2 days</Max></ShippingTime><SellerPositiveFeedbackRating>95-97%</SellerPositiveFeedbackRating></Qualifiers><NumberOfOfferListingsConsidered>1</NumberOfOfferListingsConsidered><SellerFeedbackCount>81</SellerFeedbackCount><Price><LandedPrice><CurrencyCode>USD</CurrencyCode><Amount>47.50</Amount></LandedPrice><ListingPrice><CurrencyCode>USD</CurrencyCode><Amount>47.50</Amount></ListingPrice><Shipping><CurrencyCode>USD</CurrencyCode><Amount>0.00</Amount></Shipping></Price><MultipleOffersAtLowestPrice>False</MultipleOffersAtLowestPrice></LowestOfferListing><LowestOfferListing><Qualifiers><ItemCondition>New</ItemCondition><ItemSubcondition>New</ItemSubcondition><FulfillmentChannel>Merchant</FulfillmentChannel><ShipsDomestically>True</ShipsDomestically><ShippingTime><Max>0-2 days</Max></ShippingTime><SellerPositiveFeedbackRating>90-94%</SellerPositiveFeedbackRating></Qualifiers><NumberOfOfferListingsConsidered>1</NumberOfOfferListingsConsidered><SellerFeedbackCount>1105</SellerFeedbackCount><Price><LandedPrice><CurrencyCode>USD</CurrencyCode><Amount>47.98</Amount></LandedPrice><ListingPrice><CurrencyCode>USD</CurrencyCode><Amount>43.78</Amount></ListingPrice><Shipping><CurrencyCode>USD</CurrencyCode><Amount>4.20</Amount></Shipping></Price><MultipleOffersAtLowestPrice>False</MultipleOffersAtLowestPrice></LowestOfferListing><LowestOfferListing><Qualifiers><ItemCondition>New</ItemCondition><ItemSubcondition>New</ItemSubcondition><FulfillmentChannel>Amazon</FulfillmentChannel><ShipsDomestically>True</ShipsDomestically><ShippingTime><Max>0-2 days</Max></ShippingTime><SellerPositiveFeedbackRating>80-89%</SellerPositiveFeedbackRating></Qualifiers><NumberOfOfferListingsConsidered>1</NumberOfOfferListingsConsidered><SellerFeedbackCount>10</SellerFeedbackCount><Price><LandedPrice><CurrencyCode>USD</CurrencyCode><Amount>47.99</Amount></LandedPrice><ListingPrice><CurrencyCode>USD</CurrencyCode><Amount>47.99</Amount></ListingPrice><Shipping><CurrencyCode>USD</CurrencyCode><Amount>0.00</Amount></Shipping></Price><MultipleOffersAtLowestPrice>False</MultipleOffersAtLowestPrice></LowestOfferListing></LowestOfferListings></Product></GetLowestOfferListingsForASINResult><ResponseMetadata><RequestId>ca4b1b85-f535-43ea-8b77-d1353a2175ea</RequestId></ResponseMetadata></GetLowestOfferListingsForASINResponse>
[Fri Jul 31 17:03:27 CST 2015]:com.mum.app.AutoSubmitPriceApp:GetLowestOfferListingsForASIN:B00L21BZ14 MyPriceInfo{
 landedPrice       :10.35
 listingPrice      :10.35
 shippingPrice     :0.0
 regularPrice      :10.35
 fulfillmentChannel:AMAZON
 itemCondition     :New
 itemSubCondition  :New
 sellerId          :A1MZ1G2HEVXJ5F
 sellerSKU         :HF-XACT-X6DU
 lowest_NumberOfOfferListingsConsidered:4
 lowest_SellerFeedbackCount            :535
 lowest_LandedPrice                    :10.25
 lowest_ListingPrice                   :10.25
 lowest_Shipping                       :0.0
 lowest_MultipleOffersAtLowestPrice    :False
}
[Fri Jul 31 17:03:27 CST 2015]:com.mum.app.AutoSubmitPriceApp:GetLowestOfferListingsForASIN:B004TI336W MyPriceInfo{
 landedPrice       :7.01
 listingPrice      :3.73
 shippingPrice     :3.28
 regularPrice      :3.73
 fulfillmentChannel:MERCHANT
 itemCondition     :New
 itemSubCondition  :New
 sellerId          :A1MZ1G2HEVXJ5F
 sellerSKU         :KZ-F2BC-J4NB
 lowest_NumberOfOfferListingsConsidered:3
 lowest_SellerFeedbackCount            :8
 lowest_LandedPrice                    :4.86
 lowest_ListingPrice                   :4.86
 lowest_Shipping                       :0.0
 lowest_MultipleOffersAtLowestPrice    :False
}
[Fri Jul 31 17:03:27 CST 2015]:com.mum.app.AutoSubmitPriceApp:GetLowestOfferListingsForASIN:B00EXBDWZC MyPriceInfo{
 landedPrice       :49.97
 listingPrice      :46.69
 shippingPrice     :3.28
 regularPrice      :46.69
 fulfillmentChannel:MERCHANT
 itemCondition     :New
 itemSubCondition  :New
 sellerId          :A1MZ1G2HEVXJ5F
 sellerSKU         :IF-2DMD-DA0Z
 lowest_NumberOfOfferListingsConsidered:5
 lowest_SellerFeedbackCount            :0
 lowest_LandedPrice                    :40.49
 lowest_ListingPrice                   :35.0
 lowest_Shipping                       :5.49
 lowest_MultipleOffersAtLowestPrice    :False
}
